<?xml version="1.0" encoding="UTF-8"?>
<!-- Generated by org.testng.reporters.JUnitReportReporter -->
<testsuite hostname="Naresh_E" failures="0" tests="1" name="org.rmg1.practice.OpenAccountTC1" time="52.852" errors="0" timestamp="2022-09-16T16:21:43 IST" skipped="0">
  <testcase classname="org.rmg1.practice.OpenAccountTC1" name="testcase1" time="52.852"/>
  <system-out/>
</testsuite> <!-- org.rmg1.practice.OpenAccountTC1 -->
