<?xml version="1.0" encoding="UTF-8"?>
<!-- Generated by org.testng.reporters.JUnitReportReporter -->
<testsuite hostname="Naresh_E" failures="0" tests="4" name="org.sdet40.testNGpractice.AnnotationsFortestNG" time="0.023" errors="0" timestamp="2022-09-15T15:52:57 IST" skipped="0">
  <testcase classname="org.sdet40.testNGpractice.AnnotationsFortestNG" name="openAccountTest" time="0.018"/>
  <system-out/>
  <testcase classname="org.sdet40.testNGpractice.AnnotationsFortestNG" name="debitCardTest" time="0.001"/>
  <system-out/>
  <testcase classname="org.sdet40.testNGpractice.AnnotationsFortestNG" name="deleteCustomerTest" time="0.002"/>
  <system-out/>
  <testcase classname="org.sdet40.testNGpractice.AnnotationsFortestNG" name="creditCustomerTest" time="0.002"/>
  <system-out/>
</testsuite> <!-- org.sdet40.testNGpractice.AnnotationsFortestNG -->
